<?xml version="1.0" encoding="UTF-8"?>
<testng-results skipped="1" failed="0" ignored="0" total="1" passed="0">
  <reporter-output>
  </reporter-output>
  <suite name="Default suite" duration-ms="2511" started-at="2022-03-09T18:26:59 IST" finished-at="2022-03-09T18:27:01 IST">
    <groups>
    </groups>
    <test name="Default test" duration-ms="2511" started-at="2022-03-09T18:26:59 IST" finished-at="2022-03-09T18:27:01 IST">
      <class name="DesiDimeCopierNew">
        <test-method status="FAIL" signature="beforeTest()[pri:0, instance:DesiDimeCopierNew@1d8d30f7]" name="beforeTest" is-config="true" duration-ms="2426" started-at="2022-03-09T18:26:59 IST" finished-at="2022-03-09T18:27:01 IST">
          <exception class="org.openqa.selenium.SessionNotCreatedException">
            <message>
              <![CDATA[session not created: This version of ChromeDriver only supports Chrome version 96
Current browser version is 99.0.4844.51 with binary path C:\Program Files\Google\Chrome\Application\chrome.exe
Build info: version: '3.14.0', revision: 'aacccce0', time: '2018-08-02T20:19:58.91Z'
System info: host: 'DESKTOP-FEDSPV6', ip: '192.168.1.8', os.name: 'Windows 10', os.arch: 'amd64', os.version: '10.0', java.version: '1.8.0_312'
Driver info: driver.version: ChromeDriver
remote stacktrace: Backtrace:
Ordinal0 [0x00C06903+2517251]
Ordinal0 [0x00B9F8E1+2095329]
Ordinal0 [0x00AA2848+1058888]
Ordinal0 [0x00AC0B9D+1182621]
Ordinal0 [0x00ABCA60+1165920]
Ordinal0 [0x00ABA2CF+1155791]
Ordinal0 [0x00AEAAAF+1354415]
Ordinal0 [0x00AEA71A+1353498]
Ordinal0 [0x00AE639B+1336219]
Ordinal0 [0x00AC27A7+1189799]
Ordinal0 [0x00AC3609+1193481]
GetHandleVerifier [0x00D95904+1577972]
GetHandleVerifier [0x00E40B97+2279047]
GetHandleVerifier [0x00C96D09+534521]
GetHandleVerifier [0x00C95DB9+530601]
Ordinal0 [0x00BA4FF9+2117625]
Ordinal0 [0x00BA98A8+2136232]
Ordinal0 [0x00BA99E2+2136546]
Ordinal0 [0x00BB3541+2176321]
BaseThreadInitThunk [0x76C8FA29+25]
RtlGetAppContainerNamedObjectPath [0x773D7A9E+286]
RtlGetAppContainerNamedObjectPath [0x773D7A6E+238]
]]>
            </message>
            <full-stacktrace>
              <![CDATA[org.openqa.selenium.SessionNotCreatedException: session not created: This version of ChromeDriver only supports Chrome version 96
Current browser version is 99.0.4844.51 with binary path C:\Program Files\Google\Chrome\Application\chrome.exe
Build info: version: '3.14.0', revision: 'aacccce0', time: '2018-08-02T20:19:58.91Z'
System info: host: 'DESKTOP-FEDSPV6', ip: '192.168.1.8', os.name: 'Windows 10', os.arch: 'amd64', os.version: '10.0', java.version: '1.8.0_312'
Driver info: driver.version: ChromeDriver
remote stacktrace: Backtrace:
Ordinal0 [0x00C06903+2517251]
Ordinal0 [0x00B9F8E1+2095329]
Ordinal0 [0x00AA2848+1058888]
Ordinal0 [0x00AC0B9D+1182621]
Ordinal0 [0x00ABCA60+1165920]
Ordinal0 [0x00ABA2CF+1155791]
Ordinal0 [0x00AEAAAF+1354415]
Ordinal0 [0x00AEA71A+1353498]
Ordinal0 [0x00AE639B+1336219]
Ordinal0 [0x00AC27A7+1189799]
Ordinal0 [0x00AC3609+1193481]
GetHandleVerifier [0x00D95904+1577972]
GetHandleVerifier [0x00E40B97+2279047]
GetHandleVerifier [0x00C96D09+534521]
GetHandleVerifier [0x00C95DB9+530601]
Ordinal0 [0x00BA4FF9+2117625]
Ordinal0 [0x00BA98A8+2136232]
Ordinal0 [0x00BA99E2+2136546]
Ordinal0 [0x00BB3541+2176321]
BaseThreadInitThunk [0x76C8FA29+25]
RtlGetAppContainerNamedObjectPath [0x773D7A9E+286]
RtlGetAppContainerNamedObjectPath [0x773D7A6E+238]

at sun.reflect.NativeConstructorAccessorImpl.newInstance0(Native Method)
at sun.reflect.NativeConstructorAccessorImpl.newInstance(NativeConstructorAccessorImpl.java:62)
at sun.reflect.DelegatingConstructorAccessorImpl.newInstance(DelegatingConstructorAccessorImpl.java:45)
at java.lang.reflect.Constructor.newInstance(Constructor.java:423)
at org.openqa.selenium.remote.W3CHandshakeResponse.lambda$new$0(W3CHandshakeResponse.java:57)
at org.openqa.selenium.remote.W3CHandshakeResponse.lambda$getResponseFunction$2(W3CHandshakeResponse.java:104)
at org.openqa.selenium.remote.ProtocolHandshake.lambda$createSession$0(ProtocolHandshake.java:122)
at java.util.stream.ReferencePipeline$3$1.accept(ReferencePipeline.java:193)
at java.util.Spliterators$ArraySpliterator.tryAdvance(Spliterators.java:958)
at java.util.stream.ReferencePipeline.forEachWithCancel(ReferencePipeline.java:126)
at java.util.stream.AbstractPipeline.copyIntoWithCancel(AbstractPipeline.java:499)
at java.util.stream.AbstractPipeline.copyInto(AbstractPipeline.java:486)
at java.util.stream.AbstractPipeline.wrapAndCopyInto(AbstractPipeline.java:472)
at java.util.stream.FindOps$FindOp.evaluateSequential(FindOps.java:152)
at java.util.stream.AbstractPipeline.evaluate(AbstractPipeline.java:234)
at java.util.stream.ReferencePipeline.findFirst(ReferencePipeline.java:531)
at org.openqa.selenium.remote.ProtocolHandshake.createSession(ProtocolHandshake.java:125)
at org.openqa.selenium.remote.ProtocolHandshake.createSession(ProtocolHandshake.java:73)
at org.openqa.selenium.remote.HttpCommandExecutor.execute(HttpCommandExecutor.java:136)
at org.openqa.selenium.remote.service.DriverCommandExecutor.execute(DriverCommandExecutor.java:83)
at org.openqa.selenium.remote.RemoteWebDriver.execute(RemoteWebDriver.java:548)
at org.openqa.selenium.remote.RemoteWebDriver.startSession(RemoteWebDriver.java:212)
at org.openqa.selenium.remote.RemoteWebDriver.<init>(RemoteWebDriver.java:130)
at org.openqa.selenium.chrome.ChromeDriver.<init>(ChromeDriver.java:181)
at org.openqa.selenium.chrome.ChromeDriver.<init>(ChromeDriver.java:168)
at org.openqa.selenium.chrome.ChromeDriver.<init>(ChromeDriver.java:123)
at DesiDimeCopierNew.beforeTest(DesiDimeCopierNew.java:162)
at sun.reflect.NativeMethodAccessorImpl.invoke0(Native Method)
at sun.reflect.NativeMethodAccessorImpl.invoke(NativeMethodAccessorImpl.java:62)
at sun.reflect.DelegatingMethodAccessorImpl.invoke(DelegatingMethodAccessorImpl.java:43)
at java.lang.reflect.Method.invoke(Method.java:498)
at org.testng.internal.MethodInvocationHelper.invokeMethod(MethodInvocationHelper.java:133)
at org.testng.internal.MethodInvocationHelper.invokeMethodConsideringTimeout(MethodInvocationHelper.java:62)
at org.testng.internal.ConfigInvoker.invokeConfigurationMethod(ConfigInvoker.java:385)
at org.testng.internal.ConfigInvoker.invokeConfigurations(ConfigInvoker.java:321)
at org.testng.TestRunner.invokeTestConfigurations(TestRunner.java:637)
at org.testng.TestRunner.beforeRun(TestRunner.java:627)
at org.testng.TestRunner.run(TestRunner.java:589)
at org.testng.SuiteRunner.runTest(SuiteRunner.java:377)
at org.testng.SuiteRunner.runSequentially(SuiteRunner.java:371)
at org.testng.SuiteRunner.privateRun(SuiteRunner.java:332)
at org.testng.SuiteRunner.run(SuiteRunner.java:276)
at org.testng.SuiteRunnerWorker.runSuite(SuiteRunnerWorker.java:53)
at org.testng.SuiteRunnerWorker.run(SuiteRunnerWorker.java:96)
at org.testng.TestNG.runSuitesSequentially(TestNG.java:1212)
at org.testng.TestNG.runSuitesLocally(TestNG.java:1134)
at org.testng.TestNG.runSuites(TestNG.java:1063)
at org.testng.TestNG.run(TestNG.java:1031)
at org.testng.remote.AbstractRemoteTestNG.run(AbstractRemoteTestNG.java:115)
at org.testng.remote.RemoteTestNG.initAndRun(RemoteTestNG.java:251)
at org.testng.remote.RemoteTestNG.main(RemoteTestNG.java:77)
]]>
            </full-stacktrace>
          </exception> <!-- org.openqa.selenium.SessionNotCreatedException -->
          <reporter-output>
          </reporter-output>
        </test-method> <!-- beforeTest -->
        <test-method status="SKIP" signature="f()[pri:0, instance:DesiDimeCopierNew@1d8d30f7]" name="f" duration-ms="0" started-at="2022-03-09T18:27:01 IST" finished-at="2022-03-09T18:27:01 IST">
          <exception class="org.openqa.selenium.SessionNotCreatedException">
            <message>
              <![CDATA[session not created: This version of ChromeDriver only supports Chrome version 96
Current browser version is 99.0.4844.51 with binary path C:\Program Files\Google\Chrome\Application\chrome.exe
Build info: version: '3.14.0', revision: 'aacccce0', time: '2018-08-02T20:19:58.91Z'
System info: host: 'DESKTOP-FEDSPV6', ip: '192.168.1.8', os.name: 'Windows 10', os.arch: 'amd64', os.version: '10.0', java.version: '1.8.0_312'
Driver info: driver.version: ChromeDriver
remote stacktrace: Backtrace:
Ordinal0 [0x00C06903+2517251]
Ordinal0 [0x00B9F8E1+2095329]
Ordinal0 [0x00AA2848+1058888]
Ordinal0 [0x00AC0B9D+1182621]
Ordinal0 [0x00ABCA60+1165920]
Ordinal0 [0x00ABA2CF+1155791]
Ordinal0 [0x00AEAAAF+1354415]
Ordinal0 [0x00AEA71A+1353498]
Ordinal0 [0x00AE639B+1336219]
Ordinal0 [0x00AC27A7+1189799]
Ordinal0 [0x00AC3609+1193481]
GetHandleVerifier [0x00D95904+1577972]
GetHandleVerifier [0x00E40B97+2279047]
GetHandleVerifier [0x00C96D09+534521]
GetHandleVerifier [0x00C95DB9+530601]
Ordinal0 [0x00BA4FF9+2117625]
Ordinal0 [0x00BA98A8+2136232]
Ordinal0 [0x00BA99E2+2136546]
Ordinal0 [0x00BB3541+2176321]
BaseThreadInitThunk [0x76C8FA29+25]
RtlGetAppContainerNamedObjectPath [0x773D7A9E+286]
RtlGetAppContainerNamedObjectPath [0x773D7A6E+238]
]]>
            </message>
            <full-stacktrace>
              <![CDATA[org.openqa.selenium.SessionNotCreatedException: session not created: This version of ChromeDriver only supports Chrome version 96
Current browser version is 99.0.4844.51 with binary path C:\Program Files\Google\Chrome\Application\chrome.exe
Build info: version: '3.14.0', revision: 'aacccce0', time: '2018-08-02T20:19:58.91Z'
System info: host: 'DESKTOP-FEDSPV6', ip: '192.168.1.8', os.name: 'Windows 10', os.arch: 'amd64', os.version: '10.0', java.version: '1.8.0_312'
Driver info: driver.version: ChromeDriver
remote stacktrace: Backtrace:
Ordinal0 [0x00C06903+2517251]
Ordinal0 [0x00B9F8E1+2095329]
Ordinal0 [0x00AA2848+1058888]
Ordinal0 [0x00AC0B9D+1182621]
Ordinal0 [0x00ABCA60+1165920]
Ordinal0 [0x00ABA2CF+1155791]
Ordinal0 [0x00AEAAAF+1354415]
Ordinal0 [0x00AEA71A+1353498]
Ordinal0 [0x00AE639B+1336219]
Ordinal0 [0x00AC27A7+1189799]
Ordinal0 [0x00AC3609+1193481]
GetHandleVerifier [0x00D95904+1577972]
GetHandleVerifier [0x00E40B97+2279047]
GetHandleVerifier [0x00C96D09+534521]
GetHandleVerifier [0x00C95DB9+530601]
Ordinal0 [0x00BA4FF9+2117625]
Ordinal0 [0x00BA98A8+2136232]
Ordinal0 [0x00BA99E2+2136546]
Ordinal0 [0x00BB3541+2176321]
BaseThreadInitThunk [0x76C8FA29+25]
RtlGetAppContainerNamedObjectPath [0x773D7A9E+286]
RtlGetAppContainerNamedObjectPath [0x773D7A6E+238]

at sun.reflect.NativeConstructorAccessorImpl.newInstance0(Native Method)
at sun.reflect.NativeConstructorAccessorImpl.newInstance(NativeConstructorAccessorImpl.java:62)
at sun.reflect.DelegatingConstructorAccessorImpl.newInstance(DelegatingConstructorAccessorImpl.java:45)
at java.lang.reflect.Constructor.newInstance(Constructor.java:423)
at org.openqa.selenium.remote.W3CHandshakeResponse.lambda$new$0(W3CHandshakeResponse.java:57)
at org.openqa.selenium.remote.W3CHandshakeResponse.lambda$getResponseFunction$2(W3CHandshakeResponse.java:104)
at org.openqa.selenium.remote.ProtocolHandshake.lambda$createSession$0(ProtocolHandshake.java:122)
at java.util.stream.ReferencePipeline$3$1.accept(ReferencePipeline.java:193)
at java.util.Spliterators$ArraySpliterator.tryAdvance(Spliterators.java:958)
at java.util.stream.ReferencePipeline.forEachWithCancel(ReferencePipeline.java:126)
at java.util.stream.AbstractPipeline.copyIntoWithCancel(AbstractPipeline.java:499)
at java.util.stream.AbstractPipeline.copyInto(AbstractPipeline.java:486)
at java.util.stream.AbstractPipeline.wrapAndCopyInto(AbstractPipeline.java:472)
at java.util.stream.FindOps$FindOp.evaluateSequential(FindOps.java:152)
at java.util.stream.AbstractPipeline.evaluate(AbstractPipeline.java:234)
at java.util.stream.ReferencePipeline.findFirst(ReferencePipeline.java:531)
at org.openqa.selenium.remote.ProtocolHandshake.createSession(ProtocolHandshake.java:125)
at org.openqa.selenium.remote.ProtocolHandshake.createSession(ProtocolHandshake.java:73)
at org.openqa.selenium.remote.HttpCommandExecutor.execute(HttpCommandExecutor.java:136)
at org.openqa.selenium.remote.service.DriverCommandExecutor.execute(DriverCommandExecutor.java:83)
at org.openqa.selenium.remote.RemoteWebDriver.execute(RemoteWebDriver.java:548)
at org.openqa.selenium.remote.RemoteWebDriver.startSession(RemoteWebDriver.java:212)
at org.openqa.selenium.remote.RemoteWebDriver.<init>(RemoteWebDriver.java:130)
at org.openqa.selenium.chrome.ChromeDriver.<init>(ChromeDriver.java:181)
at org.openqa.selenium.chrome.ChromeDriver.<init>(ChromeDriver.java:168)
at org.openqa.selenium.chrome.ChromeDriver.<init>(ChromeDriver.java:123)
at DesiDimeCopierNew.beforeTest(DesiDimeCopierNew.java:162)
at sun.reflect.NativeMethodAccessorImpl.invoke0(Native Method)
at sun.reflect.NativeMethodAccessorImpl.invoke(NativeMethodAccessorImpl.java:62)
at sun.reflect.DelegatingMethodAccessorImpl.invoke(DelegatingMethodAccessorImpl.java:43)
at java.lang.reflect.Method.invoke(Method.java:498)
at org.testng.internal.MethodInvocationHelper.invokeMethod(MethodInvocationHelper.java:133)
at org.testng.internal.MethodInvocationHelper.invokeMethodConsideringTimeout(MethodInvocationHelper.java:62)
at org.testng.internal.ConfigInvoker.invokeConfigurationMethod(ConfigInvoker.java:385)
at org.testng.internal.ConfigInvoker.invokeConfigurations(ConfigInvoker.java:321)
at org.testng.TestRunner.invokeTestConfigurations(TestRunner.java:637)
at org.testng.TestRunner.beforeRun(TestRunner.java:627)
at org.testng.TestRunner.run(TestRunner.java:589)
at org.testng.SuiteRunner.runTest(SuiteRunner.java:377)
at org.testng.SuiteRunner.runSequentially(SuiteRunner.java:371)
at org.testng.SuiteRunner.privateRun(SuiteRunner.java:332)
at org.testng.SuiteRunner.run(SuiteRunner.java:276)
at org.testng.SuiteRunnerWorker.runSuite(SuiteRunnerWorker.java:53)
at org.testng.SuiteRunnerWorker.run(SuiteRunnerWorker.java:96)
at org.testng.TestNG.runSuitesSequentially(TestNG.java:1212)
at org.testng.TestNG.runSuitesLocally(TestNG.java:1134)
at org.testng.TestNG.runSuites(TestNG.java:1063)
at org.testng.TestNG.run(TestNG.java:1031)
at org.testng.remote.AbstractRemoteTestNG.run(AbstractRemoteTestNG.java:115)
at org.testng.remote.RemoteTestNG.initAndRun(RemoteTestNG.java:251)
at org.testng.remote.RemoteTestNG.main(RemoteTestNG.java:77)
]]>
            </full-stacktrace>
          </exception> <!-- org.openqa.selenium.SessionNotCreatedException -->
          <reporter-output>
          </reporter-output>
        </test-method> <!-- f -->
        <test-method status="SKIP" signature="afterTest()[pri:0, instance:DesiDimeCopierNew@1d8d30f7]" name="afterTest" is-config="true" duration-ms="-1646830621847" started-at="2022-03-09T18:27:01 IST" finished-at="1970-01-01T05:30:00 IST">
          <reporter-output>
          </reporter-output>
        </test-method> <!-- afterTest -->
      </class> <!-- DesiDimeCopierNew -->
    </test> <!-- Default test -->
  </suite> <!-- Default suite -->
</testng-results>
